{"name": "Check login with invalid credential -- @1.1 ", "status": "broken", "statusDetails": {"message": "selenium.common.exceptions.NoSuchElementException: Message: no such element: Unable to locate element: {\"method\":\"css selector\",\"selector\":\"[id=\"password\"]\"}\n  (Session info: chrome=99.0.4844.82)\nStacktrace:\nBacktrace:\n\tOrdinal0 [0x00BD9943+2595139]\n\tOrdinal0 [0x00B6C9F1+2148849]\n\tOrdinal0 [0x00A64528+1066280]\n\tOrdinal0 [0x00A90FD4+1249236]\n\tOrdinal0 [0x00A911CB+1249739]\n\tOrdinal0 [0x00ABD812+1431570]\n\tOrdinal0 [0x00AABA34+1358388]\n\tOrdinal0 [0x00ABBAF2+1424114]\n\tOrdinal0 [0x00AAB806+1357830]\n\tOrdinal0 [0x00A86086+1204358]\n\tOrdinal0 [0x00A86F96+1208214]\n\tGetHandleVerifier [0x00D7B232+1658114]\n\tGetHandleVerifier [0x00E3312C+2411516]\n\tGetHandleVerifier [0x00C6F261+560433]\n\tGetHandleVerifier [0x00C6E366+556598]\n\tOrdinal0 [0x00B7286B+2173035]\n\tOrdinal0 [0x00B775F8+2192888]\n\tOrdinal0 [0x00B776E5+2193125]\n\tOrdinal0 [0x00B811FC+2232828]\n\tBaseThreadInitThunk [0x7596FA29+25]\n\tRtlGetAppContainerNamedObjectPath [0x77297A7E+286]\n\tRtlGetAppContainerNamedObjectPath [0x77297A4E+238]\n\n", "trace": "  File \"c:\\users\\riddhi.kakade\\pycharmprojects\\pythonproject\\venv\\lib\\site-packages\\behave\\model.py\", line 1329, in run\n    match.run(runner.context)\n  File \"c:\\users\\riddhi.kakade\\pycharmprojects\\pythonproject\\venv\\lib\\site-packages\\behave\\matchers.py\", line 98, in run\n    self.func(context, *args, **kwargs)\n  File \"features\\steps\\mysteps.py\", line 29, in enterUsername\n    password = context.driver.find_element_by_id(\"password\")\n  File \"c:\\users\\riddhi.kakade\\pycharmprojects\\pythonproject\\venv\\lib\\site-packages\\selenium\\webdriver\\remote\\webdriver.py\", line 473, in find_element_by_id\n    return self.find_element(by=By.ID, value=id_)\n  File \"c:\\users\\riddhi.kakade\\pycharmprojects\\pythonproject\\venv\\lib\\site-packages\\selenium\\webdriver\\remote\\webdriver.py\", line 1248, in find_element\n    return self.execute(Command.FIND_ELEMENT, {\n  File \"c:\\users\\riddhi.kakade\\pycharmprojects\\pythonproject\\venv\\lib\\site-packages\\selenium\\webdriver\\remote\\webdriver.py\", line 425, in execute\n    self.error_handler.check_response(response)\n  File \"c:\\users\\riddhi.kakade\\pycharmprojects\\pythonproject\\venv\\lib\\site-packages\\selenium\\webdriver\\remote\\errorhandler.py\", line 247, in check_response\n    raise exception_class(message, screen, stacktrace)\n"}, "steps": [{"name": "Given open a browser", "status": "passed", "start": 1648203322462, "stop": 1648203329967}, {"name": "When user is on login page", "status": "passed", "start": 1648203329967, "stop": 1648203334754}, {"name": "And user enters \"Kakaderiddhi\" and \"12345\"", "status": "broken", "statusDetails": {"message": "selenium.common.exceptions.NoSuchElementException: Message: no such element: Unable to locate element: {\"method\":\"css selector\",\"selector\":\"[id=\"password\"]\"}\n  (Session info: chrome=99.0.4844.82)\nStacktrace:\nBacktrace:\n\tOrdinal0 [0x00BD9943+2595139]\n\tOrdinal0 [0x00B6C9F1+2148849]\n\tOrdinal0 [0x00A64528+1066280]\n\tOrdinal0 [0x00A90FD4+1249236]\n\tOrdinal0 [0x00A911CB+1249739]\n\tOrdinal0 [0x00ABD812+1431570]\n\tOrdinal0 [0x00AABA34+1358388]\n\tOrdinal0 [0x00ABBAF2+1424114]\n\tOrdinal0 [0x00AAB806+1357830]\n\tOrdinal0 [0x00A86086+1204358]\n\tOrdinal0 [0x00A86F96+1208214]\n\tGetHandleVerifier [0x00D7B232+1658114]\n\tGetHandleVerifier [0x00E3312C+2411516]\n\tGetHandleVerifier [0x00C6F261+560433]\n\tGetHandleVerifier [0x00C6E366+556598]\n\tOrdinal0 [0x00B7286B+2173035]\n\tOrdinal0 [0x00B775F8+2192888]\n\tOrdinal0 [0x00B776E5+2193125]\n\tOrdinal0 [0x00B811FC+2232828]\n\tBaseThreadInitThunk [0x7596FA29+25]\n\tRtlGetAppContainerNamedObjectPath [0x77297A7E+286]\n\tRtlGetAppContainerNamedObjectPath [0x77297A4E+238]\n\n", "trace": "  File \"c:\\users\\riddhi.kakade\\pycharmprojects\\pythonproject\\venv\\lib\\site-packages\\behave\\model.py\", line 1329, in run\n    match.run(runner.context)\n  File \"c:\\users\\riddhi.kakade\\pycharmprojects\\pythonproject\\venv\\lib\\site-packages\\behave\\matchers.py\", line 98, in run\n    self.func(context, *args, **kwargs)\n  File \"features\\steps\\mysteps.py\", line 29, in enterUsername\n    password = context.driver.find_element_by_id(\"password\")\n  File \"c:\\users\\riddhi.kakade\\pycharmprojects\\pythonproject\\venv\\lib\\site-packages\\selenium\\webdriver\\remote\\webdriver.py\", line 473, in find_element_by_id\n    return self.find_element(by=By.ID, value=id_)\n  File \"c:\\users\\riddhi.kakade\\pycharmprojects\\pythonproject\\venv\\lib\\site-packages\\selenium\\webdriver\\remote\\webdriver.py\", line 1248, in find_element\n    return self.execute(Command.FIND_ELEMENT, {\n  File \"c:\\users\\riddhi.kakade\\pycharmprojects\\pythonproject\\venv\\lib\\site-packages\\selenium\\webdriver\\remote\\webdriver.py\", line 425, in execute\n    self.error_handler.check_response(response)\n  File \"c:\\users\\riddhi.kakade\\pycharmprojects\\pythonproject\\venv\\lib\\site-packages\\selenium\\webdriver\\remote\\errorhandler.py\", line 247, in check_response\n    raise exception_class(message, screen, stacktrace)\n"}, "start": 1648203334754, "stop": 1648203340313}, {"name": "And Click on the login button", "status": "skipped", "start": 1648203340314, "stop": 1648203340314}, {"name": "Then user is navigate to the homepage", "status": "skipped", "start": 1648203340314, "stop": 1648203340314}], "parameters": [{"name": "username", "value": "Kakaderiddhi"}, {"name": "password", "value": "12345"}], "start": 1648203322460, "stop": 1648203340314, "uuid": "bc678982-1c96-430d-a775-bae315f33ed4", "historyId": "252a0c036e39a75c68896b4b54a02670", "fullName": "feature to check login functionality: Check login with invalid credential", "labels": [{"name": "severity", "value": "normal"}, {"name": "feature", "value": "feature to check login functionality"}, {"name": "framework", "value": "behave"}, {"name": "language", "value": "cpython3"}]}